<?xml version="1.0" encoding="UTF-8"?>
<!-- Generated by org.testng.reporters.JUnitReportReporter -->
<testsuite hostname="my-PC" name="com.offersbyshop.tests.TestExtent" tests="1" failures="0" timestamp="15 Feb 2018 23:23:52 GMT" time="0.034" errors="0">
  <testcase name="method1" time="0.034" classname="com.offersbyshop.tests.TestExtent"/>
</testsuite> <!-- com.offersbyshop.tests.TestExtent -->
